<?xml version="1.0" encoding="UTF-8"?>
<!-- Generated by org.testng.reporters.JUnitReportReporter -->
<testsuite hostname="QT-INHD-LT0395" failures="0" tests="1" name="com.Calculator" time="8.818" errors="0" timestamp="2022-11-22T14:32:23 IST" skipped="0">
  <testcase classname="com.Calculator" name="googleCalculator" time="8.818"/>
  <system-out/>
</testsuite> <!-- com.Calculator -->
