<?xml version="1.0" encoding="UTF-8"?>
<!-- Generated by org.testng.reporters.JUnitReportReporter -->
<testsuite hostname="QT-INHD-LT0395" failures="0" tests="1" name="com.TestNg" time="8.418" errors="0" timestamp="2022-11-21T13:32:48 IST" skipped="0">
  <testcase classname="com.TestNg" name="f" time="8.418"/>
  <system-out/>
</testsuite> <!-- com.TestNg -->
