<?xml version="1.0" encoding="UTF-8"?>
<!-- Generated by org.testng.reporters.JUnitReportReporter -->
<testsuite hostname="QT-INHD-LT0395" failures="0" tests="4" name="TestScenarios.TestAsserts$ArrayEqualityAssertTest" time="0.021" errors="0" timestamp="2022-11-21T13:36:33 IST" skipped="0">
  <testcase classname="TestScenarios.TestAsserts$ArrayEqualityAssertTest" name="arrayAssertEquals" time="0.015"/>
  <system-out/>
  <testcase classname="TestScenarios.TestAsserts$ArrayEqualityAssertTest" name="arrayInsideIterableAssertEquals" time="0.002"/>
  <system-out/>
  <testcase classname="TestScenarios.TestAsserts$ArrayEqualityAssertTest" name="arrayInsideArrayAssertEquals" time="0.001"/>
  <system-out/>
  <testcase classname="TestScenarios.TestAsserts$ArrayEqualityAssertTest" name="arrayAssertNotEquals" time="0.003"/>
  <system-out/>
</testsuite> <!-- TestScenarios.TestAsserts$ArrayEqualityAssertTest -->
